<?xml version="1.0" encoding="UTF-8"?>
<!-- Generated by org.testng.reporters.JUnitXMLReporter -->
<testsuite hostname="ID100212" name="Command line test" tests="1" failures="0" timestamp="25 Oct 2016 11:54:40 GMT" time="0.021" errors="0">
  <testcase name="@BeforeClass setUp" time="0.0" classname="Teamwork.BStack.AppTest">
    <failure type="org.testng.TestNGException" message="
Parameter &amp;apos;browser&amp;apos; is required by @Configuration on method setUp but has not been marked @Optional or defined
">
      <![CDATA[org.testng.TestNGException: 
Parameter 'browser' is required by @Configuration on method setUp but has not been marked @Optional or defined

... Removed 30 stack frames]]>
    </failure>
  </testcase> <!-- @BeforeClass setUp -->
  <testcase name="@AfterClass tearDown" time="0.0" classname="Teamwork.BStack.AppTest">
    <skipped/>
  </testcase> <!-- @AfterClass tearDown -->
  <testcase name="testSimple" time="0.005" classname="Teamwork.BStack.AppTest">
    <skipped/>
  </testcase> <!-- testSimple -->
</testsuite> <!-- Command line test -->
